[17-Dec-2019 17:16:10 Asia/Tokyo] デバッグ：SESSIONの中身(送信前)：Array
(
    [virusCount] => 0
    [player] => Player Object
        (
            [character:protected] => 1
            [bullet:protected] => 50
            [maxGunAttack:protected] => 65
            [minGunAttack:protected] => 55
            [name:protected] => Charles
            [hp:protected] => 800
            [img:protected] => img/charles_face.png
            [maxAttack:protected] => 55
            [minAttack:protected] => 30
            [minVaccine:protected] => 0
        )

    [zombie] => Zombie Object
        (
            [maxAwayAttack:protected] => 30
            [minAwayAttack:protected] => 15
            [voice:protected] => グワゥ！
            [maxVaccine:protected] => 25
            [virus:protected] => 45
            [name:protected] => ゾンビイヌ
            [hp:protected] => 200
            [img:protected] => img/dog.png
            [maxAttack:protected] => 55
            [minAttack:protected] => 35
            [minVaccine:protected] => 15
        )

    [away] => 1
)

[17-Dec-2019 17:16:45 Asia/Tokyo] デバッグ：SESSIONの中身(送信前)：Array
(
)

[17-Dec-2019 17:16:45 Asia/Tokyo] デバッグ：POSTの中身：Array
(
    [julia_submit] => julia_submit
)

[17-Dec-2019 17:16:45 Asia/Tokyo] デバッグ：SESSIONの中身(送信後)：Array
(
)

[17-Dec-2019 17:18:01 Asia/Tokyo] デバッグ：SESSIONの中身(送信前)：Array
(
    [history] => MISSION START<br>ゾンビイヌが現れた！<br>
    [virusCount] => 0
    [player] => Player Object
        (
            [character:protected] => 0
            [bullet:protected] => 50
            [maxGunAttack:protected] => 90
            [minGunAttack:protected] => 70
            [name:protected] => Julia
            [hp:protected] => 700
            [img:protected] => img/julia_face.png
            [maxAttack:protected] => 30
            [minAttack:protected] => 20
            [minVaccine:protected] => 0
        )

    [zombie] => Zombie Object
        (
            [maxAwayAttack:protected] => 30
            [minAwayAttack:protected] => 15
            [voice:protected] => グワゥ！
            [maxVaccine:protected] => 25
            [virus:protected] => 45
            [name:protected] => ゾンビイヌ
            [hp:protected] => 200
            [img:protected] => img/dog.png
            [maxAttack:protected] => 55
            [minAttack:protected] => 35
            [minVaccine:protected] => 15
        )

    [away] => 1
)

[17-Dec-2019 17:18:01 Asia/Tokyo] デバッグ：POSTの中身：Array
(
    [julia_submit] => julia_submit
)

[17-Dec-2019 17:18:01 Asia/Tokyo] デバッグ：SESSIONの中身(送信後)：Array
(
    [history] => MISSION START<br>ゾンビイヌが現れた！<br>
    [virusCount] => 0
    [player] => Player Object
        (
            [character:protected] => 0
            [bullet:protected] => 50
            [maxGunAttack:protected] => 90
            [minGunAttack:protected] => 70
            [name:protected] => Julia
            [hp:protected] => 700
            [img:protected] => img/julia_face.png
            [maxAttack:protected] => 30
            [minAttack:protected] => 20
            [minVaccine:protected] => 0
        )

    [zombie] => Zombie Object
        (
            [maxAwayAttack:protected] => 30
            [minAwayAttack:protected] => 15
            [voice:protected] => グワゥ！
            [maxVaccine:protected] => 25
            [virus:protected] => 45
            [name:protected] => ゾンビイヌ
            [hp:protected] => 200
            [img:protected] => img/dog.png
            [maxAttack:protected] => 55
            [minAttack:protected] => 35
            [minVaccine:protected] => 15
        )

    [away] => 1
)

[17-Dec-2019 17:19:22 Asia/Tokyo] デバッグ：SESSIONの中身(送信前)：Array
(
    [history] => MISSION START<br>メンズゾンビが現れた！<br>
    [virusCount] => 0
    [player] => Player Object
        (
            [character:protected] => 0
            [bullet:protected] => 50
            [maxGunAttack:protected] => 90
            [minGunAttack:protected] => 70
            [name:protected] => Julia
            [hp:protected] => 700
            [img:protected] => img/julia_face.png
            [maxAttack:protected] => 30
            [minAttack:protected] => 20
            [minVaccine:protected] => 0
        )

    [zombie] => Zombie Object
        (
            [maxAwayAttack:protected] => 20
            [minAwayAttack:protected] => 10
            [voice:protected] => うぅぅ！
            [maxVaccine:protected] => 20
            [virus:protected] => 50
            [name:protected] => メンズゾンビ
            [hp:protected] => 280
            [img:protected] => img/man_zombie.png
            [maxAttack:protected] => 40
            [minAttack:protected] => 30
            [minVaccine:protected] => 10
        )

    [away] => 1
)

[17-Dec-2019 17:19:22 Asia/Tokyo] デバッグ：POSTの中身：Array
(
    [approach_submit] => approach_submit
)

[17-Dec-2019 17:19:22 Asia/Tokyo] デバッグ：SESSIONの中身(送信後)：Array
(
    [history] => MISSION START<br>メンズゾンビが現れた！<br>
    [virusCount] => 0
    [player] => Player Object
        (
            [character:protected] => 0
            [bullet:protected] => 50
            [maxGunAttack:protected] => 90
            [minGunAttack:protected] => 70
            [name:protected] => Julia
            [hp:protected] => 700
            [img:protected] => img/julia_face.png
            [maxAttack:protected] => 30
            [minAttack:protected] => 20
            [minVaccine:protected] => 0
        )

    [zombie] => Zombie Object
        (
            [maxAwayAttack:protected] => 20
            [minAwayAttack:protected] => 10
            [voice:protected] => うぅぅ！
            [maxVaccine:protected] => 20
            [virus:protected] => 50
            [name:protected] => メンズゾンビ
            [hp:protected] => 280
            [img:protected] => img/man_zombie.png
            [maxAttack:protected] => 40
            [minAttack:protected] => 30
            [minVaccine:protected] => 10
        )

    [away] => 1
)

[17-Dec-2019 17:19:24 Asia/Tokyo] デバッグ：SESSIONの中身(送信前)：Array
(
    [virusCount] => 0
    [player] => Player Object
        (
            [character:protected] => 0
            [bullet:protected] => 50
            [maxGunAttack:protected] => 90
            [minGunAttack:protected] => 70
            [name:protected] => Julia
            [hp:protected] => 700
            [img:protected] => img/julia_face.png
            [maxAttack:protected] => 30
            [minAttack:protected] => 20
            [minVaccine:protected] => 0
        )

    [zombie] => Zombie Object
        (
            [maxAwayAttack:protected] => 20
            [minAwayAttack:protected] => 10
            [voice:protected] => うぅぅ！
            [maxVaccine:protected] => 20
            [virus:protected] => 50
            [name:protected] => メンズゾンビ
            [hp:protected] => 280
            [img:protected] => img/man_zombie.png
            [maxAttack:protected] => 40
            [minAttack:protected] => 30
            [minVaccine:protected] => 10
        )

    [away] => 
)

[17-Dec-2019 17:19:24 Asia/Tokyo] デバッグ：POSTの中身：Array
(
    [away_submit] => away_submit
)

[17-Dec-2019 17:19:24 Asia/Tokyo] デバッグ：SESSIONの中身(送信後)：Array
(
    [virusCount] => 0
    [player] => Player Object
        (
            [character:protected] => 0
            [bullet:protected] => 50
            [maxGunAttack:protected] => 90
            [minGunAttack:protected] => 70
            [name:protected] => Julia
            [hp:protected] => 700
            [img:protected] => img/julia_face.png
            [maxAttack:protected] => 30
            [minAttack:protected] => 20
            [minVaccine:protected] => 0
        )

    [zombie] => Zombie Object
        (
            [maxAwayAttack:protected] => 20
            [minAwayAttack:protected] => 10
            [voice:protected] => うぅぅ！
            [maxVaccine:protected] => 20
            [virus:protected] => 50
            [name:protected] => メンズゾンビ
            [hp:protected] => 280
            [img:protected] => img/man_zombie.png
            [maxAttack:protected] => 40
            [minAttack:protected] => 30
            [minVaccine:protected] => 10
        )

    [away] => 
)

[17-Dec-2019 17:19:25 Asia/Tokyo] デバッグ：SESSIONの中身(送信前)：Array
(
    [virusCount] => 0
    [player] => Player Object
        (
            [character:protected] => 0
            [bullet:protected] => 50
            [maxGunAttack:protected] => 90
            [minGunAttack:protected] => 70
            [name:protected] => Julia
            [hp:protected] => 700
            [img:protected] => img/julia_face.png
            [maxAttack:protected] => 30
            [minAttack:protected] => 20
            [minVaccine:protected] => 0
        )

    [zombie] => Zombie Object
        (
            [maxAwayAttack:protected] => 20
            [minAwayAttack:protected] => 10
            [voice:protected] => うぅぅ！
            [maxVaccine:protected] => 20
            [virus:protected] => 50
            [name:protected] => メンズゾンビ
            [hp:protected] => 280
            [img:protected] => img/man_zombie.png
            [maxAttack:protected] => 40
            [minAttack:protected] => 30
            [minVaccine:protected] => 10
        )

    [away] => 1
)

[17-Dec-2019 17:19:25 Asia/Tokyo] デバッグ：POSTの中身：Array
(
    [approach_submit] => approach_submit
)

[17-Dec-2019 17:19:25 Asia/Tokyo] デバッグ：SESSIONの中身(送信後)：Array
(
    [virusCount] => 0
    [player] => Player Object
        (
            [character:protected] => 0
            [bullet:protected] => 50
            [maxGunAttack:protected] => 90
            [minGunAttack:protected] => 70
            [name:protected] => Julia
            [hp:protected] => 700
            [img:protected] => img/julia_face.png
            [maxAttack:protected] => 30
            [minAttack:protected] => 20
            [minVaccine:protected] => 0
        )

    [zombie] => Zombie Object
        (
            [maxAwayAttack:protected] => 20
            [minAwayAttack:protected] => 10
            [voice:protected] => うぅぅ！
            [maxVaccine:protected] => 20
            [virus:protected] => 50
            [name:protected] => メンズゾンビ
            [hp:protected] => 280
            [img:protected] => img/man_zombie.png
            [maxAttack:protected] => 40
            [minAttack:protected] => 30
            [minVaccine:protected] => 10
        )

    [away] => 1
)

[17-Dec-2019 17:19:26 Asia/Tokyo] デバッグ：SESSIONの中身(送信前)：Array
(
    [virusCount] => 0
    [player] => Player Object
        (
            [character:protected] => 0
            [bullet:protected] => 50
            [maxGunAttack:protected] => 90
            [minGunAttack:protected] => 70
            [name:protected] => Julia
            [hp:protected] => 700
            [img:protected] => img/julia_face.png
            [maxAttack:protected] => 30
            [minAttack:protected] => 20
            [minVaccine:protected] => 0
        )

    [zombie] => Zombie Object
        (
            [maxAwayAttack:protected] => 20
            [minAwayAttack:protected] => 10
            [voice:protected] => うぅぅ！
            [maxVaccine:protected] => 20
            [virus:protected] => 50
            [name:protected] => メンズゾンビ
            [hp:protected] => 280
            [img:protected] => img/man_zombie.png
            [maxAttack:protected] => 40
            [minAttack:protected] => 30
            [minVaccine:protected] => 10
        )

    [away] => 
)

[17-Dec-2019 17:19:26 Asia/Tokyo] デバッグ：POSTの中身：Array
(
    [away_submit] => away_submit
)

[17-Dec-2019 17:19:26 Asia/Tokyo] デバッグ：SESSIONの中身(送信後)：Array
(
    [virusCount] => 0
    [player] => Player Object
        (
            [character:protected] => 0
            [bullet:protected] => 50
            [maxGunAttack:protected] => 90
            [minGunAttack:protected] => 70
            [name:protected] => Julia
            [hp:protected] => 700
            [img:protected] => img/julia_face.png
            [maxAttack:protected] => 30
            [minAttack:protected] => 20
            [minVaccine:protected] => 0
        )

    [zombie] => Zombie Object
        (
            [maxAwayAttack:protected] => 20
            [minAwayAttack:protected] => 10
            [voice:protected] => うぅぅ！
            [maxVaccine:protected] => 20
            [virus:protected] => 50
            [name:protected] => メンズゾンビ
            [hp:protected] => 280
            [img:protected] => img/man_zombie.png
            [maxAttack:protected] => 40
            [minAttack:protected] => 30
            [minVaccine:protected] => 10
        )

    [away] => 
)

[17-Dec-2019 17:19:30 Asia/Tokyo] デバッグ：SESSIONの中身(送信前)：Array
(
    [virusCount] => 0
    [player] => Player Object
        (
            [character:protected] => 0
            [bullet:protected] => 50
            [maxGunAttack:protected] => 90
            [minGunAttack:protected] => 70
            [name:protected] => Julia
            [hp:protected] => 700
            [img:protected] => img/julia_face.png
            [maxAttack:protected] => 30
            [minAttack:protected] => 20
            [minVaccine:protected] => 0
        )

    [zombie] => Zombie Object
        (
            [maxAwayAttack:protected] => 20
            [minAwayAttack:protected] => 10
            [voice:protected] => うぅぅ！
            [maxVaccine:protected] => 20
            [virus:protected] => 50
            [name:protected] => メンズゾンビ
            [hp:protected] => 280
            [img:protected] => img/man_zombie.png
            [maxAttack:protected] => 40
            [minAttack:protected] => 30
            [minVaccine:protected] => 10
        )

    [away] => 1
)

[17-Dec-2019 17:19:30 Asia/Tokyo] デバッグ：POSTの中身：Array
(
    [restart_submit] => restart_submit
)

[17-Dec-2019 17:19:30 Asia/Tokyo] デバッグ：SESSIONの中身(送信後)：Array
(
    [virusCount] => 0
    [player] => Player Object
        (
            [character:protected] => 0
            [bullet:protected] => 50
            [maxGunAttack:protected] => 90
            [minGunAttack:protected] => 70
            [name:protected] => Julia
            [hp:protected] => 700
            [img:protected] => img/julia_face.png
            [maxAttack:protected] => 30
            [minAttack:protected] => 20
            [minVaccine:protected] => 0
        )

    [zombie] => Zombie Object
        (
            [maxAwayAttack:protected] => 20
            [minAwayAttack:protected] => 10
            [voice:protected] => うぅぅ！
            [maxVaccine:protected] => 20
            [virus:protected] => 50
            [name:protected] => メンズゾンビ
            [hp:protected] => 280
            [img:protected] => img/man_zombie.png
            [maxAttack:protected] => 40
            [minAttack:protected] => 30
            [minVaccine:protected] => 10
        )

    [away] => 1
)

[17-Dec-2019 17:19:38 Asia/Tokyo] デバッグ：SESSIONの中身(送信前)：Array
(
)

[17-Dec-2019 17:19:38 Asia/Tokyo] デバッグ：POSTの中身：Array
(
    [charles_submit] => charles_submit
)

[17-Dec-2019 17:19:38 Asia/Tokyo] デバッグ：SESSIONの中身(送信後)：Array
(
)

[17-Dec-2019 17:21:48 Asia/Tokyo] デバッグ：SESSIONの中身(送信前)：Array
(
    [history] => MISSION START<br>メンズゾンビが現れた！<br>
    [virusCount] => 0
    [player] => Player Object
        (
            [character:protected] => 1
            [bullet:protected] => 50
            [maxGunAttack:protected] => 65
            [minGunAttack:protected] => 55
            [name:protected] => Charles
            [hp:protected] => 800
            [img:protected] => img/charles_face.png
            [maxAttack:protected] => 55
            [minAttack:protected] => 30
            [minVaccine:protected] => 0
        )

    [zombie] => Zombie Object
        (
            [maxAwayAttack:protected] => 20
            [minAwayAttack:protected] => 10
            [voice:protected] => うぅぅ！
            [maxVaccine:protected] => 20
            [virus:protected] => 50
            [name:protected] => メンズゾンビ
            [hp:protected] => 280
            [img:protected] => img/man_zombie.png
            [maxAttack:protected] => 40
            [minAttack:protected] => 30
            [minVaccine:protected] => 10
        )

    [away] => 1
)

[17-Dec-2019 17:21:48 Asia/Tokyo] デバッグ：POSTの中身：Array
(
    [charles_submit] => charles_submit
)

[17-Dec-2019 17:21:48 Asia/Tokyo] デバッグ：SESSIONの中身(送信後)：Array
(
    [history] => MISSION START<br>メンズゾンビが現れた！<br>
    [virusCount] => 0
    [player] => Player Object
        (
            [character:protected] => 1
            [bullet:protected] => 50
            [maxGunAttack:protected] => 65
            [minGunAttack:protected] => 55
            [name:protected] => Charles
            [hp:protected] => 800
            [img:protected] => img/charles_face.png
            [maxAttack:protected] => 55
            [minAttack:protected] => 30
            [minVaccine:protected] => 0
        )

    [zombie] => Zombie Object
        (
            [maxAwayAttack:protected] => 20
            [minAwayAttack:protected] => 10
            [voice:protected] => うぅぅ！
            [maxVaccine:protected] => 20
            [virus:protected] => 50
            [name:protected] => メンズゾンビ
            [hp:protected] => 280
            [img:protected] => img/man_zombie.png
            [maxAttack:protected] => 40
            [minAttack:protected] => 30
            [minVaccine:protected] => 10
        )

    [away] => 1
)

[17-Dec-2019 17:30:10 Asia/Tokyo] デバッグ：SESSIONの中身(送信前)：Array
(
    [history] => MISSION START<br>メンズゾンビが現れた！<br>
    [virusCount] => 0
    [player] => Player Object
        (
            [character:protected] => 1
            [bullet:protected] => 50
            [maxGunAttack:protected] => 65
            [minGunAttack:protected] => 55
            [name:protected] => Charles
            [hp:protected] => 800
            [img:protected] => img/charles_face.png
            [maxAttack:protected] => 55
            [minAttack:protected] => 30
            [minVaccine:protected] => 0
        )

    [zombie] => Zombie Object
        (
            [maxAwayAttack:protected] => 20
            [minAwayAttack:protected] => 10
            [voice:protected] => うぅぅ！
            [maxVaccine:protected] => 20
            [virus:protected] => 50
            [name:protected] => メンズゾンビ
            [hp:protected] => 280
            [img:protected] => img/man_zombie.png
            [maxAttack:protected] => 40
            [minAttack:protected] => 30
            [minVaccine:protected] => 10
        )

    [away] => 1
)

[17-Dec-2019 17:30:10 Asia/Tokyo] デバッグ：POSTの中身：Array
(
    [charles_submit] => charles_submit
)

[17-Dec-2019 17:30:10 Asia/Tokyo] デバッグ：SESSIONの中身(送信後)：Array
(
    [history] => MISSION START<br>メンズゾンビが現れた！<br>
    [virusCount] => 0
    [player] => Player Object
        (
            [character:protected] => 1
            [bullet:protected] => 50
            [maxGunAttack:protected] => 65
            [minGunAttack:protected] => 55
            [name:protected] => Charles
            [hp:protected] => 800
            [img:protected] => img/charles_face.png
            [maxAttack:protected] => 55
            [minAttack:protected] => 30
            [minVaccine:protected] => 0
        )

    [zombie] => Zombie Object
        (
            [maxAwayAttack:protected] => 20
            [minAwayAttack:protected] => 10
            [voice:protected] => うぅぅ！
            [maxVaccine:protected] => 20
            [virus:protected] => 50
            [name:protected] => メンズゾンビ
            [hp:protected] => 280
            [img:protected] => img/man_zombie.png
            [maxAttack:protected] => 40
            [minAttack:protected] => 30
            [minVaccine:protected] => 10
        )

    [away] => 1
)

[17-Dec-2019 17:33:16 Asia/Tokyo] デバッグ：SESSIONの中身(送信前)：Array
(
    [history] => MISSION START<br>バイオレンスカラスが現れた！<br>
    [virusCount] => 0
    [player] => Player Object
        (
            [character:protected] => 1
            [bullet:protected] => 50
            [maxGunAttack:protected] => 65
            [minGunAttack:protected] => 55
            [name:protected] => Charles
            [hp:protected] => 800
            [img:protected] => img/charles_face.png
            [maxAttack:protected] => 55
            [minAttack:protected] => 30
            [minVaccine:protected] => 0
        )

    [zombie] => Zombie Object
        (
            [maxAwayAttack:protected] => 25
            [minAwayAttack:protected] => 10
            [voice:protected] => キェー！
            [maxVaccine:protected] => 15
            [virus:protected] => 30
            [name:protected] => バイオレンスカラス
            [hp:protected] => 260
            [img:protected] => img/raven.png
            [maxAttack:protected] => 50
            [minAttack:protected] => 30
            [minVaccine:protected] => 10
        )

    [away] => 1
)

[17-Dec-2019 17:33:16 Asia/Tokyo] デバッグ：POSTの中身：Array
(
    [charles_submit] => charles_submit
)

[17-Dec-2019 17:33:16 Asia/Tokyo] デバッグ：SESSIONの中身(送信後)：Array
(
    [history] => MISSION START<br>バイオレンスカラスが現れた！<br>
    [virusCount] => 0
    [player] => Player Object
        (
            [character:protected] => 1
            [bullet:protected] => 50
            [maxGunAttack:protected] => 65
            [minGunAttack:protected] => 55
            [name:protected] => Charles
            [hp:protected] => 800
            [img:protected] => img/charles_face.png
            [maxAttack:protected] => 55
            [minAttack:protected] => 30
            [minVaccine:protected] => 0
        )

    [zombie] => Zombie Object
        (
            [maxAwayAttack:protected] => 25
            [minAwayAttack:protected] => 10
            [voice:protected] => キェー！
            [maxVaccine:protected] => 15
            [virus:protected] => 30
            [name:protected] => バイオレンスカラス
            [hp:protected] => 260
            [img:protected] => img/raven.png
            [maxAttack:protected] => 50
            [minAttack:protected] => 30
            [minVaccine:protected] => 10
        )

    [away] => 1
)

[17-Dec-2019 17:34:06 Asia/Tokyo] デバッグ：SESSIONの中身(送信前)：Array
(
    [history] => MISSION START<br>ゾンビイヌが現れた！<br>
    [virusCount] => 0
    [player] => Player Object
        (
            [character:protected] => 1
            [bullet:protected] => 50
            [maxGunAttack:protected] => 65
            [minGunAttack:protected] => 55
            [name:protected] => Charles
            [hp:protected] => 800
            [img:protected] => img/charles_face.png
            [maxAttack:protected] => 55
            [minAttack:protected] => 30
            [minVaccine:protected] => 0
        )

    [zombie] => Zombie Object
        (
            [maxAwayAttack:protected] => 30
            [minAwayAttack:protected] => 15
            [voice:protected] => グワゥ！
            [maxVaccine:protected] => 25
            [virus:protected] => 45
            [name:protected] => ゾンビイヌ
            [hp:protected] => 200
            [img:protected] => img/dog.png
            [maxAttack:protected] => 55
            [minAttack:protected] => 35
            [minVaccine:protected] => 15
        )

    [away] => 1
)

[17-Dec-2019 17:34:06 Asia/Tokyo] デバッグ：POSTの中身：Array
(
    [charles_submit] => charles_submit
)

[17-Dec-2019 17:34:06 Asia/Tokyo] デバッグ：SESSIONの中身(送信後)：Array
(
    [history] => MISSION START<br>ゾンビイヌが現れた！<br>
    [virusCount] => 0
    [player] => Player Object
        (
            [character:protected] => 1
            [bullet:protected] => 50
            [maxGunAttack:protected] => 65
            [minGunAttack:protected] => 55
            [name:protected] => Charles
            [hp:protected] => 800
            [img:protected] => img/charles_face.png
            [maxAttack:protected] => 55
            [minAttack:protected] => 30
            [minVaccine:protected] => 0
        )

    [zombie] => Zombie Object
        (
            [maxAwayAttack:protected] => 30
            [minAwayAttack:protected] => 15
            [voice:protected] => グワゥ！
            [maxVaccine:protected] => 25
            [virus:protected] => 45
            [name:protected] => ゾンビイヌ
            [hp:protected] => 200
            [img:protected] => img/dog.png
            [maxAttack:protected] => 55
            [minAttack:protected] => 35
            [minVaccine:protected] => 15
        )

    [away] => 1
)

[17-Dec-2019 17:34:41 Asia/Tokyo] デバッグ：SESSIONの中身(送信前)：Array
(
    [history] => MISSION START<br>バイオレンスカラスが現れた！<br>
    [virusCount] => 0
    [player] => Player Object
        (
            [character:protected] => 1
            [bullet:protected] => 50
            [maxGunAttack:protected] => 65
            [minGunAttack:protected] => 55
            [name:protected] => Charles
            [hp:protected] => 800
            [img:protected] => img/charles_face.png
            [maxAttack:protected] => 55
            [minAttack:protected] => 30
            [minVaccine:protected] => 0
        )

    [zombie] => Zombie Object
        (
            [maxAwayAttack:protected] => 25
            [minAwayAttack:protected] => 10
            [voice:protected] => キェー！
            [maxVaccine:protected] => 15
            [virus:protected] => 30
            [name:protected] => バイオレンスカラス
            [hp:protected] => 260
            [img:protected] => img/raven.png
            [maxAttack:protected] => 50
            [minAttack:protected] => 30
            [minVaccine:protected] => 10
        )

    [away] => 1
)

[17-Dec-2019 17:34:41 Asia/Tokyo] デバッグ：POSTの中身：Array
(
    [charles_submit] => charles_submit
)

[17-Dec-2019 17:34:41 Asia/Tokyo] デバッグ：SESSIONの中身(送信後)：Array
(
    [history] => MISSION START<br>バイオレンスカラスが現れた！<br>
    [virusCount] => 0
    [player] => Player Object
        (
            [character:protected] => 1
            [bullet:protected] => 50
            [maxGunAttack:protected] => 65
            [minGunAttack:protected] => 55
            [name:protected] => Charles
            [hp:protected] => 800
            [img:protected] => img/charles_face.png
            [maxAttack:protected] => 55
            [minAttack:protected] => 30
            [minVaccine:protected] => 0
        )

    [zombie] => Zombie Object
        (
            [maxAwayAttack:protected] => 25
            [minAwayAttack:protected] => 10
            [voice:protected] => キェー！
            [maxVaccine:protected] => 15
            [virus:protected] => 30
            [name:protected] => バイオレンスカラス
            [hp:protected] => 260
            [img:protected] => img/raven.png
            [maxAttack:protected] => 50
            [minAttack:protected] => 30
            [minVaccine:protected] => 10
        )

    [away] => 1
)

[17-Dec-2019 17:56:47 Asia/Tokyo] デバッグ：SESSIONの中身(送信前)：Array
(
    [history] => MISSION START<br>サダコゾンビが現れた！<br>
    [virusCount] => 0
    [player] => Player Object
        (
            [character:protected] => 1
            [bullet:protected] => 50
            [maxGunAttack:protected] => 65
            [minGunAttack:protected] => 55
            [name:protected] => Charles
            [hp:protected] => 800
            [img:protected] => img/charles_face.png
            [maxAttack:protected] => 55
            [minAttack:protected] => 30
            [minVaccine:protected] => 0
        )

    [zombie] => Zombie Object
        (
            [maxAwayAttack:protected] => 40
            [minAwayAttack:protected] => 30
            [voice:protected] => おぉぉ！
            [maxVaccine:protected] => 15
            [virus:protected] => 25
            [name:protected] => サダコゾンビ
            [hp:protected] => 300
            [img:protected] => img/sadako.png
            [maxAttack:protected] => 20
            [minAttack:protected] => 15
            [minVaccine:protected] => 10
        )

    [away] => 1
)

[17-Dec-2019 17:56:47 Asia/Tokyo] デバッグ：POSTの中身：Array
(
    [charles_submit] => charles_submit
)

[17-Dec-2019 17:56:47 Asia/Tokyo] デバッグ：SESSIONの中身(送信後)：Array
(
    [history] => MISSION START<br>サダコゾンビが現れた！<br>
    [virusCount] => 0
    [player] => Player Object
        (
            [character:protected] => 1
            [bullet:protected] => 50
            [maxGunAttack:protected] => 65
            [minGunAttack:protected] => 55
            [name:protected] => Charles
            [hp:protected] => 800
            [img:protected] => img/charles_face.png
            [maxAttack:protected] => 55
            [minAttack:protected] => 30
            [minVaccine:protected] => 0
        )

    [zombie] => Zombie Object
        (
            [maxAwayAttack:protected] => 40
            [minAwayAttack:protected] => 30
            [voice:protected] => おぉぉ！
            [maxVaccine:protected] => 15
            [virus:protected] => 25
            [name:protected] => サダコゾンビ
            [hp:protected] => 300
            [img:protected] => img/sadako.png
            [maxAttack:protected] => 20
            [minAttack:protected] => 15
            [minVaccine:protected] => 10
        )

    [away] => 1
)

[17-Dec-2019 17:57:07 Asia/Tokyo] デバッグ：SESSIONの中身(送信前)：Array
(
    [history] => MISSION START<br>バイオレンスカラスが現れた！<br>
    [virusCount] => 0
    [player] => Player Object
        (
            [character:protected] => 1
            [bullet:protected] => 50
            [maxGunAttack:protected] => 65
            [minGunAttack:protected] => 55
            [name:protected] => Charles
            [hp:protected] => 800
            [img:protected] => img/charles_face.png
            [maxAttack:protected] => 55
            [minAttack:protected] => 30
            [minVaccine:protected] => 0
        )

    [zombie] => Zombie Object
        (
            [maxAwayAttack:protected] => 25
            [minAwayAttack:protected] => 10
            [voice:protected] => キェー！
            [maxVaccine:protected] => 15
            [virus:protected] => 30
            [name:protected] => バイオレンスカラス
            [hp:protected] => 260
            [img:protected] => img/raven.png
            [maxAttack:protected] => 50
            [minAttack:protected] => 30
            [minVaccine:protected] => 10
        )

    [away] => 1
)

[17-Dec-2019 17:57:07 Asia/Tokyo] デバッグ：POSTの中身：Array
(
    [charles_submit] => charles_submit
)

[17-Dec-2019 17:57:07 Asia/Tokyo] デバッグ：SESSIONの中身(送信後)：Array
(
    [history] => MISSION START<br>バイオレンスカラスが現れた！<br>
    [virusCount] => 0
    [player] => Player Object
        (
            [character:protected] => 1
            [bullet:protected] => 50
            [maxGunAttack:protected] => 65
            [minGunAttack:protected] => 55
            [name:protected] => Charles
            [hp:protected] => 800
            [img:protected] => img/charles_face.png
            [maxAttack:protected] => 55
            [minAttack:protected] => 30
            [minVaccine:protected] => 0
        )

    [zombie] => Zombie Object
        (
            [maxAwayAttack:protected] => 25
            [minAwayAttack:protected] => 10
            [voice:protected] => キェー！
            [maxVaccine:protected] => 15
            [virus:protected] => 30
            [name:protected] => バイオレンスカラス
            [hp:protected] => 260
            [img:protected] => img/raven.png
            [maxAttack:protected] => 50
            [minAttack:protected] => 30
            [minVaccine:protected] => 10
        )

    [away] => 1
)

[17-Dec-2019 17:58:26 Asia/Tokyo] デバッグ：SESSIONの中身(送信前)：Array
(
    [history] => MISSION START<br>バイオレンスカラスが現れた！<br>
    [virusCount] => 0
    [player] => Player Object
        (
            [character:protected] => 1
            [bullet:protected] => 50
            [maxGunAttack:protected] => 65
            [minGunAttack:protected] => 55
            [name:protected] => Charles
            [hp:protected] => 800
            [img:protected] => img/charles_face.png
            [maxAttack:protected] => 55
            [minAttack:protected] => 30
            [minVaccine:protected] => 0
        )

    [zombie] => Zombie Object
        (
            [maxAwayAttack:protected] => 25
            [minAwayAttack:protected] => 10
            [voice:protected] => キェー！
            [maxVaccine:protected] => 15
            [virus:protected] => 30
            [name:protected] => バイオレンスカラス
            [hp:protected] => 260
            [img:protected] => img/raven.png
            [maxAttack:protected] => 50
            [minAttack:protected] => 30
            [minVaccine:protected] => 10
        )

    [away] => 1
)

[17-Dec-2019 17:58:26 Asia/Tokyo] デバッグ：POSTの中身：Array
(
    [charles_submit] => charles_submit
)

[17-Dec-2019 17:58:26 Asia/Tokyo] デバッグ：SESSIONの中身(送信後)：Array
(
    [history] => MISSION START<br>バイオレンスカラスが現れた！<br>
    [virusCount] => 0
    [player] => Player Object
        (
            [character:protected] => 1
            [bullet:protected] => 50
            [maxGunAttack:protected] => 65
            [minGunAttack:protected] => 55
            [name:protected] => Charles
            [hp:protected] => 800
            [img:protected] => img/charles_face.png
            [maxAttack:protected] => 55
            [minAttack:protected] => 30
            [minVaccine:protected] => 0
        )

    [zombie] => Zombie Object
        (
            [maxAwayAttack:protected] => 25
            [minAwayAttack:protected] => 10
            [voice:protected] => キェー！
            [maxVaccine:protected] => 15
            [virus:protected] => 30
            [name:protected] => バイオレンスカラス
            [hp:protected] => 260
            [img:protected] => img/raven.png
            [maxAttack:protected] => 50
            [minAttack:protected] => 30
            [minVaccine:protected] => 10
        )

    [away] => 1
)

[18-Dec-2019 18:53:15 Asia/Tokyo] デバッグ：SESSIONの中身(送信前)：Array
(
    [history] => MISSION START<br>ゾンビイヌが現れた！<br>
    [virusCount] => 0
    [player] => Player Object
        (
            [character:protected] => 1
            [bullet:protected] => 50
            [maxGunAttack:protected] => 65
            [minGunAttack:protected] => 55
            [name:protected] => Charles
            [hp:protected] => 800
            [img:protected] => img/charles_face.png
            [maxAttack:protected] => 55
            [minAttack:protected] => 30
            [minVaccine:protected] => 0
        )

    [zombie] => Zombie Object
        (
            [maxAwayAttack:protected] => 30
            [minAwayAttack:protected] => 15
            [voice:protected] => グワゥ！
            [maxVaccine:protected] => 25
            [virus:protected] => 45
            [name:protected] => ゾンビイヌ
            [hp:protected] => 200
            [img:protected] => img/dog.png
            [maxAttack:protected] => 55
            [minAttack:protected] => 35
            [minVaccine:protected] => 15
        )

    [away] => 1
)

